2019-11-19 10:36:47.249  INFO 5441 --- [restartedMain] o.s.b.devtools.restart.ChangeableUrls    : The Class-Path manifest attribute in /home/admin1/.m2/repository/org/glassfish/jaxb/jaxb-runtime/2.3.2/jaxb-runtime-2.3.2.jar referenced one or more files that do not exist: file:/home/admin1/.m2/repository/org/glassfish/jaxb/jaxb-runtime/2.3.2/jakarta.xml.bind-api-2.3.2.jar,file:/home/admin1/.m2/repository/org/glassfish/jaxb/jaxb-runtime/2.3.2/txw2-2.3.2.jar,file:/home/admin1/.m2/repository/org/glassfish/jaxb/jaxb-runtime/2.3.2/istack-commons-runtime-3.0.8.jar,file:/home/admin1/.m2/repository/org/glassfish/jaxb/jaxb-runtime/2.3.2/stax-ex-1.8.1.jar,file:/home/admin1/.m2/repository/org/glassfish/jaxb/jaxb-runtime/2.3.2/FastInfoset-1.2.16.jar,file:/home/admin1/.m2/repository/org/glassfish/jaxb/jaxb-runtime/2.3.2/jakarta.activation-api-1.2.1.jar
2019-11-19 10:36:47.303  INFO 5441 --- [restartedMain] .e.DevToolsPropertyDefaultsPostProcessor : Devtools property defaults active! Set 'spring.devtools.add-properties' to 'false' to disable
2019-11-19 10:36:47.303  INFO 5441 --- [restartedMain] .e.DevToolsPropertyDefaultsPostProcessor : For additional web related logging consider setting the 'logging.level.web' property to 'DEBUG'
2019-11-19 10:36:53.155  INFO 5441 --- [restartedMain] .s.d.r.c.RepositoryConfigurationDelegate : Multiple Spring Data modules found, entering strict repository configuration mode!
2019-11-19 10:36:53.155  INFO 5441 --- [restartedMain] .s.d.r.c.RepositoryConfigurationDelegate : Bootstrapping Spring Data repositories in DEFAULT mode.
2019-11-19 10:36:53.510  INFO 5441 --- [restartedMain] .s.d.r.c.RepositoryConfigurationDelegate : Finished Spring Data repository scanning in 346ms. Found 1 repository interfaces.
2019-11-19 10:36:53.905  INFO 5441 --- [restartedMain] .s.d.r.c.RepositoryConfigurationDelegate : Multiple Spring Data modules found, entering strict repository configuration mode!
2019-11-19 10:36:53.913  INFO 5441 --- [restartedMain] .s.d.r.c.RepositoryConfigurationDelegate : Bootstrapping Spring Data repositories in DEFAULT mode.
2019-11-19 10:36:54.184  INFO 5441 --- [restartedMain] .RepositoryConfigurationExtensionSupport : Spring Data Redis - Could not safely identify store assignment for repository candidate interface com.bridgelabz.fundoo.user.repository.UserRepository.
2019-11-19 10:36:54.184  INFO 5441 --- [restartedMain] .s.d.r.c.RepositoryConfigurationDelegate : Finished Spring Data repository scanning in 28ms. Found 0 repository interfaces.
2019-11-19 10:36:57.101  INFO 5441 --- [restartedMain] trationDelegate$BeanPostProcessorChecker : Bean 'org.springframework.transaction.annotation.ProxyTransactionManagementConfiguration' of type [org.springframework.transaction.annotation.ProxyTransactionManagementConfiguration] is not eligible for getting processed by all BeanPostProcessors (for example: not eligible for auto-proxying)
2019-11-19 10:36:59.884  INFO 5441 --- [restartedMain] o.s.b.w.embedded.tomcat.TomcatWebServer  : Tomcat initialized with port(s): 8081 (http)
2019-11-19 10:36:59.910  INFO 5441 --- [restartedMain] o.apache.catalina.core.StandardService   : Starting service [Tomcat]
2019-11-19 10:36:59.911  INFO 5441 --- [restartedMain] org.apache.catalina.core.StandardEngine  : Starting Servlet engine: [Apache Tomcat/9.0.27]
2019-11-19 10:37:00.099  INFO 5441 --- [restartedMain] o.a.c.c.C.[Tomcat].[localhost].[/]       : Initializing Spring embedded WebApplicationContext
2019-11-19 10:37:00.099  INFO 5441 --- [restartedMain] o.s.web.context.ContextLoader            : Root WebApplicationContext: initialization completed in 12796 ms
2019-11-19 10:37:00.979  INFO 5441 --- [restartedMain] o.hibernate.jpa.internal.util.LogHelper  : HHH000204: Processing PersistenceUnitInfo [name: default]
2019-11-19 10:37:01.330  INFO 5441 --- [restartedMain] org.hibernate.Version                    : HHH000412: Hibernate Core {5.4.6.Final}
2019-11-19 10:37:02.201  INFO 5441 --- [restartedMain] o.hibernate.annotations.common.Version   : HCANN000001: Hibernate Commons Annotations {5.1.0.Final}
2019-11-19 10:37:02.449  INFO 5441 --- [restartedMain] com.zaxxer.hikari.HikariDataSource       : HikariPool-1 - Starting...
2019-11-19 10:37:03.082  INFO 5441 --- [restartedMain] com.zaxxer.hikari.HikariDataSource       : HikariPool-1 - Start completed.
2019-11-19 10:37:03.176  INFO 5441 --- [restartedMain] org.hibernate.dialect.Dialect            : HHH000400: Using dialect: org.hibernate.dialect.MySQL5InnoDBDialect
2019-11-19 10:37:04.686  INFO 5441 --- [restartedMain] o.h.e.t.j.p.i.JtaPlatformInitiator       : HHH000490: Using JtaPlatform implementation: [org.hibernate.engine.transaction.jta.platform.internal.NoJtaPlatform]
2019-11-19 10:37:04.714  INFO 5441 --- [restartedMain] j.LocalContainerEntityManagerFactoryBean : Initialized JPA EntityManagerFactory for persistence unit 'default'
2019-11-19 10:37:04.787  INFO 5441 --- [restartedMain] o.s.b.d.a.OptionalLiveReloadServer       : LiveReload server is running on port 35729
2019-11-19 10:37:06.609  WARN 5441 --- [restartedMain] JpaBaseConfiguration$JpaWebConfiguration : spring.jpa.open-in-view is enabled by default. Therefore, database queries may be performed during view rendering. Explicitly configure spring.jpa.open-in-view to disable this warning
2019-11-19 10:37:07.322  INFO 5441 --- [restartedMain] o.s.s.concurrent.ThreadPoolTaskExecutor  : Initializing ExecutorService 'applicationTaskExecutor'
2019-11-19 10:37:09.562  INFO 5441 --- [restartedMain] o.s.a.r.c.CachingConnectionFactory       : Attempting to connect to: localhost:5672
2019-11-19 10:37:10.069  INFO 5441 --- [restartedMain] o.s.a.r.c.CachingConnectionFactory       : Created new connection: connectionFactory#6e4cbe6f:0/SimpleConnection@2a2c8ba3 [delegate=amqp://admin@127.0.0.1:5672/, localPort= 51102]
2019-11-19 10:37:10.072  INFO 5441 --- [restartedMain] o.s.amqp.rabbit.core.RabbitAdmin         : Auto-declaring a non-durable, auto-delete, or exclusive Queue (user_service) durable:false, auto-delete:false, exclusive:false. It will be redeclared if the broker stops and is restarted while the connection factory is alive, but all messages will be lost.
2019-11-19 10:37:10.953  INFO 5441 --- [restartedMain] o.s.b.w.embedded.tomcat.TomcatWebServer  : Tomcat started on port(s): 8081 (http) with context path ''
2019-11-19 10:42:01.158  INFO 5441 --- [http-nio-8081-exec-1] o.a.c.c.C.[Tomcat].[localhost].[/]       : Initializing Spring DispatcherServlet 'dispatcherServlet'
2019-11-19 10:42:01.185  INFO 5441 --- [http-nio-8081-exec-1] o.s.web.servlet.DispatcherServlet        : Initializing Servlet 'dispatcherServlet'
2019-11-19 10:42:01.343  INFO 5441 --- [http-nio-8081-exec-1] o.s.web.servlet.DispatcherServlet        : Completed initialization in 157 ms
2019-11-19 10:42:05.705  WARN 5441 --- [http-nio-8081-exec-3] com.zaxxer.hikari.pool.PoolBase          : HikariPool-1 - Failed to validate connection com.mysql.cj.jdbc.ConnectionImpl@29a76df0 (No operations allowed after connection closed.). Possibly consider using a shorter maxLifetime value.
2019-11-19 10:42:05.705  WARN 5441 --- [http-nio-8081-exec-2] com.zaxxer.hikari.pool.PoolBase          : HikariPool-1 - Failed to validate connection com.mysql.cj.jdbc.ConnectionImpl@5e5ff96d (No operations allowed after connection closed.). Possibly consider using a shorter maxLifetime value.
2019-11-19 10:42:05.706  WARN 5441 --- [http-nio-8081-exec-3] com.zaxxer.hikari.pool.PoolBase          : HikariPool-1 - Failed to validate connection com.mysql.cj.jdbc.ConnectionImpl@1e0a172b (No operations allowed after connection closed.). Possibly consider using a shorter maxLifetime value.
2019-11-19 10:42:05.706  WARN 5441 --- [http-nio-8081-exec-2] com.zaxxer.hikari.pool.PoolBase          : HikariPool-1 - Failed to validate connection com.mysql.cj.jdbc.ConnectionImpl@799c7fd4 (No operations allowed after connection closed.). Possibly consider using a shorter maxLifetime value.
2019-11-19 10:42:05.710  WARN 5441 --- [http-nio-8081-exec-3] com.zaxxer.hikari.pool.PoolBase          : HikariPool-1 - Failed to validate connection com.mysql.cj.jdbc.ConnectionImpl@c5031f7 (No operations allowed after connection closed.). Possibly consider using a shorter maxLifetime value.
2019-11-19 10:42:05.711  WARN 5441 --- [http-nio-8081-exec-2] com.zaxxer.hikari.pool.PoolBase          : HikariPool-1 - Failed to validate connection com.mysql.cj.jdbc.ConnectionImpl@3f66f3e2 (No operations allowed after connection closed.). Possibly consider using a shorter maxLifetime value.
2019-11-19 10:42:05.711  WARN 5441 --- [http-nio-8081-exec-3] com.zaxxer.hikari.pool.PoolBase          : HikariPool-1 - Failed to validate connection com.mysql.cj.jdbc.ConnectionImpl@2624411f (No operations allowed after connection closed.). Possibly consider using a shorter maxLifetime value.
2019-11-19 10:42:05.712  WARN 5441 --- [http-nio-8081-exec-2] com.zaxxer.hikari.pool.PoolBase          : HikariPool-1 - Failed to validate connection com.mysql.cj.jdbc.ConnectionImpl@7bec4418 (No operations allowed after connection closed.). Possibly consider using a shorter maxLifetime value.
2019-11-19 10:42:05.712  WARN 5441 --- [http-nio-8081-exec-3] com.zaxxer.hikari.pool.PoolBase          : HikariPool-1 - Failed to validate connection com.mysql.cj.jdbc.ConnectionImpl@25210a7c (No operations allowed after connection closed.). Possibly consider using a shorter maxLifetime value.
2019-11-19 10:42:05.713  WARN 5441 --- [http-nio-8081-exec-2] com.zaxxer.hikari.pool.PoolBase          : HikariPool-1 - Failed to validate connection com.mysql.cj.jdbc.ConnectionImpl@5ad95e99 (No operations allowed after connection closed.). Possibly consider using a shorter maxLifetime value.
2019-11-19 10:42:06.127 ERROR 5441 --- [http-nio-8081-exec-3] c.b.fundoo.user.service.ImplUserService  : Invalid username and password and/or account is not active
2019-11-19 10:42:06.127 ERROR 5441 --- [http-nio-8081-exec-2] c.b.fundoo.user.service.ImplUserService  : Invalid username and password and/or account is not active
2019-11-19 10:42:06.147 ERROR 5441 --- [http-nio-8081-exec-4] c.b.fundoo.user.service.ImplUserService  : Invalid username and password and/or account is not active
2019-11-19 10:42:06.239  WARN 5441 --- [http-nio-8081-exec-4] .m.m.a.ExceptionHandlerExceptionResolver : Resolved [com.bridgelabz.fundoo.user.exception.custom.LoginException: Invalid username and password and/or account is not active]
2019-11-19 10:42:06.239  WARN 5441 --- [http-nio-8081-exec-2] .m.m.a.ExceptionHandlerExceptionResolver : Resolved [com.bridgelabz.fundoo.user.exception.custom.LoginException: Invalid username and password and/or account is not active]
2019-11-19 10:42:06.239  WARN 5441 --- [http-nio-8081-exec-3] .m.m.a.ExceptionHandlerExceptionResolver : Resolved [com.bridgelabz.fundoo.user.exception.custom.LoginException: Invalid username and password and/or account is not active]
2019-11-19 10:42:17.234 ERROR 5441 --- [http-nio-8081-exec-5] c.b.fundoo.user.service.ImplUserService  : Invalid username and password and/or account is not active
2019-11-19 10:42:17.237  WARN 5441 --- [http-nio-8081-exec-5] .m.m.a.ExceptionHandlerExceptionResolver : Resolved [com.bridgelabz.fundoo.user.exception.custom.LoginException: Invalid username and password and/or account is not active]
2019-11-19 12:02:53.835  INFO 5441 --- [RMI TCP Connection(89)-127.0.0.1] inMXBeanRegistrar$SpringApplicationAdmin : Application shutdown requested.
2019-11-19 12:02:54.286  INFO 5441 --- [RMI TCP Connection(89)-127.0.0.1] o.s.a.r.l.SimpleMessageListenerContainer : Waiting for workers to finish.
2019-11-19 12:02:54.525  INFO 5441 --- [RMI TCP Connection(89)-127.0.0.1] o.s.a.r.l.SimpleMessageListenerContainer : Successfully waited for workers to finish.
2019-11-19 12:02:54.599  INFO 5441 --- [RMI TCP Connection(89)-127.0.0.1] o.s.s.concurrent.ThreadPoolTaskExecutor  : Shutting down ExecutorService 'applicationTaskExecutor'
2019-11-19 12:02:54.600  INFO 5441 --- [RMI TCP Connection(89)-127.0.0.1] o.s.a.r.l.SimpleMessageListenerContainer : Shutdown ignored - container is not active already
2019-11-19 12:02:54.814  INFO 5441 --- [RMI TCP Connection(89)-127.0.0.1] j.LocalContainerEntityManagerFactoryBean : Closing JPA EntityManagerFactory for persistence unit 'default'
2019-11-19 12:02:54.992  INFO 5441 --- [RMI TCP Connection(89)-127.0.0.1] com.zaxxer.hikari.HikariDataSource       : HikariPool-1 - Shutdown initiated...
2019-11-19 12:02:55.052  INFO 5441 --- [RMI TCP Connection(89)-127.0.0.1] com.zaxxer.hikari.HikariDataSource       : HikariPool-1 - Shutdown completed.
2019-11-19 12:03:50.998  INFO 14818 --- [restartedMain] o.s.b.devtools.restart.ChangeableUrls    : The Class-Path manifest attribute in /home/admin1/.m2/repository/org/glassfish/jaxb/jaxb-runtime/2.3.2/jaxb-runtime-2.3.2.jar referenced one or more files that do not exist: file:/home/admin1/.m2/repository/org/glassfish/jaxb/jaxb-runtime/2.3.2/jakarta.xml.bind-api-2.3.2.jar,file:/home/admin1/.m2/repository/org/glassfish/jaxb/jaxb-runtime/2.3.2/txw2-2.3.2.jar,file:/home/admin1/.m2/repository/org/glassfish/jaxb/jaxb-runtime/2.3.2/istack-commons-runtime-3.0.8.jar,file:/home/admin1/.m2/repository/org/glassfish/jaxb/jaxb-runtime/2.3.2/stax-ex-1.8.1.jar,file:/home/admin1/.m2/repository/org/glassfish/jaxb/jaxb-runtime/2.3.2/FastInfoset-1.2.16.jar,file:/home/admin1/.m2/repository/org/glassfish/jaxb/jaxb-runtime/2.3.2/jakarta.activation-api-1.2.1.jar
2019-11-19 12:03:51.000  INFO 14818 --- [restartedMain] .e.DevToolsPropertyDefaultsPostProcessor : Devtools property defaults active! Set 'spring.devtools.add-properties' to 'false' to disable
2019-11-19 12:03:51.000  INFO 14818 --- [restartedMain] .e.DevToolsPropertyDefaultsPostProcessor : For additional web related logging consider setting the 'logging.level.web' property to 'DEBUG'
2019-11-19 12:03:51.882  INFO 14818 --- [restartedMain] .s.d.r.c.RepositoryConfigurationDelegate : Multiple Spring Data modules found, entering strict repository configuration mode!
2019-11-19 12:03:51.883  INFO 14818 --- [restartedMain] .s.d.r.c.RepositoryConfigurationDelegate : Bootstrapping Spring Data repositories in DEFAULT mode.
2019-11-19 12:03:51.929  INFO 14818 --- [restartedMain] .s.d.r.c.RepositoryConfigurationDelegate : Finished Spring Data repository scanning in 42ms. Found 1 repository interfaces.
2019-11-19 12:03:51.939  INFO 14818 --- [restartedMain] .s.d.r.c.RepositoryConfigurationDelegate : Multiple Spring Data modules found, entering strict repository configuration mode!
2019-11-19 12:03:51.940  INFO 14818 --- [restartedMain] .s.d.r.c.RepositoryConfigurationDelegate : Bootstrapping Spring Data repositories in DEFAULT mode.
2019-11-19 12:03:51.949  INFO 14818 --- [restartedMain] .RepositoryConfigurationExtensionSupport : Spring Data Redis - Could not safely identify store assignment for repository candidate interface com.bridgelabz.fundoo.user.repository.UserRepository.
2019-11-19 12:03:51.950  INFO 14818 --- [restartedMain] .s.d.r.c.RepositoryConfigurationDelegate : Finished Spring Data repository scanning in 3ms. Found 0 repository interfaces.
2019-11-19 12:03:52.202  INFO 14818 --- [restartedMain] trationDelegate$BeanPostProcessorChecker : Bean 'org.springframework.transaction.annotation.ProxyTransactionManagementConfiguration' of type [org.springframework.transaction.annotation.ProxyTransactionManagementConfiguration] is not eligible for getting processed by all BeanPostProcessors (for example: not eligible for auto-proxying)
2019-11-19 12:03:52.480  INFO 14818 --- [restartedMain] o.s.b.w.embedded.tomcat.TomcatWebServer  : Tomcat initialized with port(s): 8081 (http)
2019-11-19 12:03:52.485  INFO 14818 --- [restartedMain] o.apache.catalina.core.StandardService   : Starting service [Tomcat]
2019-11-19 12:03:52.485  INFO 14818 --- [restartedMain] org.apache.catalina.core.StandardEngine  : Starting Servlet engine: [Apache Tomcat/9.0.27]
2019-11-19 12:03:52.534  INFO 14818 --- [restartedMain] o.a.c.c.C.[Tomcat].[localhost].[/]       : Initializing Spring embedded WebApplicationContext
2019-11-19 12:03:52.535  INFO 14818 --- [restartedMain] o.s.web.context.ContextLoader            : Root WebApplicationContext: initialization completed in 1535 ms
2019-11-19 12:03:52.678  INFO 14818 --- [restartedMain] o.hibernate.jpa.internal.util.LogHelper  : HHH000204: Processing PersistenceUnitInfo [name: default]
2019-11-19 12:03:52.708  INFO 14818 --- [restartedMain] org.hibernate.Version                    : HHH000412: Hibernate Core {5.4.6.Final}
2019-11-19 12:03:52.786  INFO 14818 --- [restartedMain] o.hibernate.annotations.common.Version   : HCANN000001: Hibernate Commons Annotations {5.1.0.Final}
2019-11-19 12:03:52.858  INFO 14818 --- [restartedMain] com.zaxxer.hikari.HikariDataSource       : HikariPool-1 - Starting...
2019-11-19 12:03:52.939  INFO 14818 --- [restartedMain] com.zaxxer.hikari.HikariDataSource       : HikariPool-1 - Start completed.
2019-11-19 12:03:52.945  INFO 14818 --- [restartedMain] org.hibernate.dialect.Dialect            : HHH000400: Using dialect: org.hibernate.dialect.MySQL5InnoDBDialect
2019-11-19 12:03:53.590  INFO 14818 --- [restartedMain] o.h.e.t.j.p.i.JtaPlatformInitiator       : HHH000490: Using JtaPlatform implementation: [org.hibernate.engine.transaction.jta.platform.internal.NoJtaPlatform]
2019-11-19 12:03:53.593  INFO 14818 --- [restartedMain] j.LocalContainerEntityManagerFactoryBean : Initialized JPA EntityManagerFactory for persistence unit 'default'
2019-11-19 12:03:53.634  WARN 14818 --- [restartedMain] o.s.b.d.a.OptionalLiveReloadServer       : Unable to start LiveReload server
2019-11-19 12:03:54.331  WARN 14818 --- [restartedMain] JpaBaseConfiguration$JpaWebConfiguration : spring.jpa.open-in-view is enabled by default. Therefore, database queries may be performed during view rendering. Explicitly configure spring.jpa.open-in-view to disable this warning
2019-11-19 12:03:54.430  INFO 14818 --- [restartedMain] o.s.s.concurrent.ThreadPoolTaskExecutor  : Initializing ExecutorService 'applicationTaskExecutor'
2019-11-19 12:03:54.790  INFO 14818 --- [restartedMain] o.s.a.r.c.CachingConnectionFactory       : Attempting to connect to: localhost:5672
2019-11-19 12:03:55.822  INFO 14818 --- [restartedMain] o.s.a.r.c.CachingConnectionFactory       : Created new connection: connectionFactory#7ea991a5:0/SimpleConnection@69f14bac [delegate=amqp://admin@127.0.0.1:5672/, localPort= 34998]
2019-11-19 12:03:55.827  INFO 14818 --- [restartedMain] o.s.amqp.rabbit.core.RabbitAdmin         : Auto-declaring a non-durable, auto-delete, or exclusive Queue (user_service) durable:false, auto-delete:false, exclusive:false. It will be redeclared if the broker stops and is restarted while the connection factory is alive, but all messages will be lost.
2019-11-19 12:03:56.151  INFO 14818 --- [restartedMain] o.s.b.w.embedded.tomcat.TomcatWebServer  : Tomcat started on port(s): 8081 (http) with context path ''
2019-11-19 12:05:21.302  INFO 14818 --- [Thread-1] o.s.a.r.l.SimpleMessageListenerContainer : Waiting for workers to finish.
2019-11-19 12:05:22.162  INFO 14818 --- [Thread-1] o.s.a.r.l.SimpleMessageListenerContainer : Successfully waited for workers to finish.
2019-11-19 12:05:22.196  INFO 14818 --- [Thread-1] o.s.s.concurrent.ThreadPoolTaskExecutor  : Shutting down ExecutorService 'applicationTaskExecutor'
2019-11-19 12:05:22.197  INFO 14818 --- [Thread-1] o.s.a.r.l.SimpleMessageListenerContainer : Shutdown ignored - container is not active already
2019-11-19 12:05:22.223  INFO 14818 --- [Thread-1] j.LocalContainerEntityManagerFactoryBean : Closing JPA EntityManagerFactory for persistence unit 'default'
2019-11-19 12:05:22.228  INFO 14818 --- [Thread-1] com.zaxxer.hikari.HikariDataSource       : HikariPool-1 - Shutdown initiated...
2019-11-19 12:05:22.245  INFO 14818 --- [Thread-1] com.zaxxer.hikari.HikariDataSource       : HikariPool-1 - Shutdown completed.
2019-11-19 12:05:27.015  INFO 14818 --- [restartedMain] .s.d.r.c.RepositoryConfigurationDelegate : Multiple Spring Data modules found, entering strict repository configuration mode!
2019-11-19 12:05:27.015  INFO 14818 --- [restartedMain] .s.d.r.c.RepositoryConfigurationDelegate : Bootstrapping Spring Data repositories in DEFAULT mode.
2019-11-19 12:05:27.021  INFO 14818 --- [restartedMain] .s.d.r.c.RepositoryConfigurationDelegate : Finished Spring Data repository scanning in 5ms. Found 1 repository interfaces.
2019-11-19 12:05:27.023  INFO 14818 --- [restartedMain] .s.d.r.c.RepositoryConfigurationDelegate : Multiple Spring Data modules found, entering strict repository configuration mode!
2019-11-19 12:05:27.023  INFO 14818 --- [restartedMain] .s.d.r.c.RepositoryConfigurationDelegate : Bootstrapping Spring Data repositories in DEFAULT mode.
2019-11-19 12:05:27.025  INFO 14818 --- [restartedMain] .RepositoryConfigurationExtensionSupport : Spring Data Redis - Could not safely identify store assignment for repository candidate interface com.bridgelabz.fundoo.user.repository.UserRepository.
2019-11-19 12:05:27.025  INFO 14818 --- [restartedMain] .s.d.r.c.RepositoryConfigurationDelegate : Finished Spring Data repository scanning in 1ms. Found 0 repository interfaces.
2019-11-19 12:05:27.062  INFO 14818 --- [restartedMain] trationDelegate$BeanPostProcessorChecker : Bean 'org.springframework.transaction.annotation.ProxyTransactionManagementConfiguration' of type [org.springframework.transaction.annotation.ProxyTransactionManagementConfiguration] is not eligible for getting processed by all BeanPostProcessors (for example: not eligible for auto-proxying)
2019-11-19 12:05:27.093  WARN 14818 --- [restartedMain] org.apache.tomcat.util.modeler.Registry  : The MBean registry cannot be disabled because it has already been initialised
2019-11-19 12:05:27.109  INFO 14818 --- [restartedMain] o.s.b.w.embedded.tomcat.TomcatWebServer  : Tomcat initialized with port(s): 8081 (http)
2019-11-19 12:05:27.110  INFO 14818 --- [restartedMain] o.apache.catalina.core.StandardService   : Starting service [Tomcat]
2019-11-19 12:05:27.110  INFO 14818 --- [restartedMain] org.apache.catalina.core.StandardEngine  : Starting Servlet engine: [Apache Tomcat/9.0.27]
2019-11-19 12:05:27.117  INFO 14818 --- [restartedMain] o.a.c.c.C.[Tomcat-1].[localhost].[/]     : Initializing Spring embedded WebApplicationContext
2019-11-19 12:05:27.118  INFO 14818 --- [restartedMain] o.s.web.context.ContextLoader            : Root WebApplicationContext: initialization completed in 231 ms
2019-11-19 12:05:27.164  INFO 14818 --- [restartedMain] o.hibernate.jpa.internal.util.LogHelper  : HHH000204: Processing PersistenceUnitInfo [name: default]
2019-11-19 12:05:27.168  INFO 14818 --- [restartedMain] com.zaxxer.hikari.HikariDataSource       : HikariPool-2 - Starting...
2019-11-19 12:05:27.171  INFO 14818 --- [restartedMain] com.zaxxer.hikari.HikariDataSource       : HikariPool-2 - Start completed.
2019-11-19 12:05:27.171  INFO 14818 --- [restartedMain] org.hibernate.dialect.Dialect            : HHH000400: Using dialect: org.hibernate.dialect.MySQL5InnoDBDialect
2019-11-19 12:05:27.210  INFO 14818 --- [restartedMain] o.h.e.t.j.p.i.JtaPlatformInitiator       : HHH000490: Using JtaPlatform implementation: [org.hibernate.engine.transaction.jta.platform.internal.NoJtaPlatform]
2019-11-19 12:05:27.210  INFO 14818 --- [restartedMain] j.LocalContainerEntityManagerFactoryBean : Initialized JPA EntityManagerFactory for persistence unit 'default'
2019-11-19 12:05:27.222  WARN 14818 --- [restartedMain] o.s.b.d.a.OptionalLiveReloadServer       : Unable to start LiveReload server
2019-11-19 12:05:27.325  WARN 14818 --- [restartedMain] JpaBaseConfiguration$JpaWebConfiguration : spring.jpa.open-in-view is enabled by default. Therefore, database queries may be performed during view rendering. Explicitly configure spring.jpa.open-in-view to disable this warning
2019-11-19 12:05:27.360  INFO 14818 --- [restartedMain] o.s.s.concurrent.ThreadPoolTaskExecutor  : Initializing ExecutorService 'applicationTaskExecutor'
2019-11-19 12:05:27.463  INFO 14818 --- [restartedMain] o.s.a.r.c.CachingConnectionFactory       : Attempting to connect to: localhost:5672
2019-11-19 12:05:27.466  INFO 14818 --- [restartedMain] o.s.a.r.c.CachingConnectionFactory       : Created new connection: connectionFactory#1c59b078:0/SimpleConnection@fcca03b [delegate=amqp://admin@127.0.0.1:5672/, localPort= 35798]
2019-11-19 12:05:27.467  INFO 14818 --- [restartedMain] o.s.amqp.rabbit.core.RabbitAdmin         : Auto-declaring a non-durable, auto-delete, or exclusive Queue (user_service) durable:false, auto-delete:false, exclusive:false. It will be redeclared if the broker stops and is restarted while the connection factory is alive, but all messages will be lost.
2019-11-19 12:05:27.500  INFO 14818 --- [restartedMain] o.s.b.w.embedded.tomcat.TomcatWebServer  : Tomcat started on port(s): 8081 (http) with context path ''
2019-11-19 12:05:27.503  INFO 14818 --- [restartedMain] .ConditionEvaluationDeltaLoggingListener : Condition evaluation unchanged
2019-11-19 12:05:48.651  INFO 15078 --- [restartedMain] o.s.b.devtools.restart.ChangeableUrls    : The Class-Path manifest attribute in /home/admin1/.m2/repository/org/glassfish/jaxb/jaxb-runtime/2.3.2/jaxb-runtime-2.3.2.jar referenced one or more files that do not exist: file:/home/admin1/.m2/repository/org/glassfish/jaxb/jaxb-runtime/2.3.2/jakarta.xml.bind-api-2.3.2.jar,file:/home/admin1/.m2/repository/org/glassfish/jaxb/jaxb-runtime/2.3.2/txw2-2.3.2.jar,file:/home/admin1/.m2/repository/org/glassfish/jaxb/jaxb-runtime/2.3.2/istack-commons-runtime-3.0.8.jar,file:/home/admin1/.m2/repository/org/glassfish/jaxb/jaxb-runtime/2.3.2/stax-ex-1.8.1.jar,file:/home/admin1/.m2/repository/org/glassfish/jaxb/jaxb-runtime/2.3.2/FastInfoset-1.2.16.jar,file:/home/admin1/.m2/repository/org/glassfish/jaxb/jaxb-runtime/2.3.2/jakarta.activation-api-1.2.1.jar
2019-11-19 12:05:48.653  INFO 15078 --- [restartedMain] .e.DevToolsPropertyDefaultsPostProcessor : Devtools property defaults active! Set 'spring.devtools.add-properties' to 'false' to disable
2019-11-19 12:05:48.653  INFO 15078 --- [restartedMain] .e.DevToolsPropertyDefaultsPostProcessor : For additional web related logging consider setting the 'logging.level.web' property to 'DEBUG'
2019-11-19 12:05:49.181  INFO 15078 --- [restartedMain] .s.d.r.c.RepositoryConfigurationDelegate : Multiple Spring Data modules found, entering strict repository configuration mode!
2019-11-19 12:05:49.181  INFO 15078 --- [restartedMain] .s.d.r.c.RepositoryConfigurationDelegate : Bootstrapping Spring Data repositories in DEFAULT mode.
2019-11-19 12:05:49.221  INFO 15078 --- [restartedMain] .s.d.r.c.RepositoryConfigurationDelegate : Finished Spring Data repository scanning in 35ms. Found 1 repository interfaces.
2019-11-19 12:05:49.230  INFO 15078 --- [restartedMain] .s.d.r.c.RepositoryConfigurationDelegate : Multiple Spring Data modules found, entering strict repository configuration mode!
2019-11-19 12:05:49.231  INFO 15078 --- [restartedMain] .s.d.r.c.RepositoryConfigurationDelegate : Bootstrapping Spring Data repositories in DEFAULT mode.
2019-11-19 12:05:49.239  INFO 15078 --- [restartedMain] .RepositoryConfigurationExtensionSupport : Spring Data Redis - Could not safely identify store assignment for repository candidate interface com.bridgelabz.fundoo.user.repository.UserRepository.
2019-11-19 12:05:49.239  INFO 15078 --- [restartedMain] .s.d.r.c.RepositoryConfigurationDelegate : Finished Spring Data repository scanning in 4ms. Found 0 repository interfaces.
2019-11-19 12:05:49.478  INFO 15078 --- [restartedMain] trationDelegate$BeanPostProcessorChecker : Bean 'org.springframework.transaction.annotation.ProxyTransactionManagementConfiguration' of type [org.springframework.transaction.annotation.ProxyTransactionManagementConfiguration] is not eligible for getting processed by all BeanPostProcessors (for example: not eligible for auto-proxying)
2019-11-19 12:05:49.737  INFO 15078 --- [restartedMain] o.s.b.w.embedded.tomcat.TomcatWebServer  : Tomcat initialized with port(s): 8081 (http)
2019-11-19 12:05:49.744  INFO 15078 --- [restartedMain] o.apache.catalina.core.StandardService   : Starting service [Tomcat]
2019-11-19 12:05:49.744  INFO 15078 --- [restartedMain] org.apache.catalina.core.StandardEngine  : Starting Servlet engine: [Apache Tomcat/9.0.27]
2019-11-19 12:05:49.801  INFO 15078 --- [restartedMain] o.a.c.c.C.[Tomcat].[localhost].[/]       : Initializing Spring embedded WebApplicationContext
2019-11-19 12:05:49.801  INFO 15078 --- [restartedMain] o.s.web.context.ContextLoader            : Root WebApplicationContext: initialization completed in 1148 ms
2019-11-19 12:05:49.967  INFO 15078 --- [restartedMain] o.hibernate.jpa.internal.util.LogHelper  : HHH000204: Processing PersistenceUnitInfo [name: default]
2019-11-19 12:05:50.002  INFO 15078 --- [restartedMain] org.hibernate.Version                    : HHH000412: Hibernate Core {5.4.6.Final}
2019-11-19 12:05:50.081  INFO 15078 --- [restartedMain] o.hibernate.annotations.common.Version   : HCANN000001: Hibernate Commons Annotations {5.1.0.Final}
2019-11-19 12:05:50.153  INFO 15078 --- [restartedMain] com.zaxxer.hikari.HikariDataSource       : HikariPool-1 - Starting...
2019-11-19 12:05:50.267  INFO 15078 --- [restartedMain] com.zaxxer.hikari.HikariDataSource       : HikariPool-1 - Start completed.
2019-11-19 12:05:50.275  INFO 15078 --- [restartedMain] org.hibernate.dialect.Dialect            : HHH000400: Using dialect: org.hibernate.dialect.MySQL5InnoDBDialect
2019-11-19 12:05:50.612  INFO 15078 --- [restartedMain] o.h.e.t.j.p.i.JtaPlatformInitiator       : HHH000490: Using JtaPlatform implementation: [org.hibernate.engine.transaction.jta.platform.internal.NoJtaPlatform]
2019-11-19 12:05:50.615  INFO 15078 --- [restartedMain] j.LocalContainerEntityManagerFactoryBean : Initialized JPA EntityManagerFactory for persistence unit 'default'
2019-11-19 12:05:50.642  WARN 15078 --- [restartedMain] o.s.b.d.a.OptionalLiveReloadServer       : Unable to start LiveReload server
2019-11-19 12:05:50.991  WARN 15078 --- [restartedMain] JpaBaseConfiguration$JpaWebConfiguration : spring.jpa.open-in-view is enabled by default. Therefore, database queries may be performed during view rendering. Explicitly configure spring.jpa.open-in-view to disable this warning
2019-11-19 12:05:51.101  INFO 15078 --- [restartedMain] o.s.s.concurrent.ThreadPoolTaskExecutor  : Initializing ExecutorService 'applicationTaskExecutor'
2019-11-19 12:05:51.382  INFO 15078 --- [restartedMain] o.s.a.r.c.CachingConnectionFactory       : Attempting to connect to: localhost:5672
2019-11-19 12:05:51.414  INFO 15078 --- [restartedMain] o.s.a.r.c.CachingConnectionFactory       : Created new connection: connectionFactory#111b5e35:0/SimpleConnection@9640608 [delegate=amqp://admin@127.0.0.1:5672/, localPort= 36014]
2019-11-19 12:05:51.417  INFO 15078 --- [restartedMain] o.s.amqp.rabbit.core.RabbitAdmin         : Auto-declaring a non-durable, auto-delete, or exclusive Queue (user_service) durable:false, auto-delete:false, exclusive:false. It will be redeclared if the broker stops and is restarted while the connection factory is alive, but all messages will be lost.
2019-11-19 12:05:51.456  INFO 15078 --- [restartedMain] o.apache.catalina.core.StandardService   : Stopping service [Tomcat]
2019-11-19 12:05:51.484  INFO 15078 --- [restartedMain] ConditionEvaluationReportLoggingListener : 

Error starting ApplicationContext. To display the conditions report re-run your application with 'debug' enabled.
2019-11-19 12:05:51.487 ERROR 15078 --- [restartedMain] o.s.b.d.LoggingFailureAnalysisReporter   : 

***************************
APPLICATION FAILED TO START
***************************

Description:

Web server failed to start. Port 8081 was already in use.

Action:

Identify and stop the process that's listening on port 8081 or configure this application to listen on another port.

2019-11-19 12:05:51.491  INFO 15078 --- [restartedMain] o.s.a.r.l.SimpleMessageListenerContainer : Waiting for workers to finish.
2019-11-19 12:05:52.482  INFO 15078 --- [restartedMain] o.s.a.r.l.SimpleMessageListenerContainer : Successfully waited for workers to finish.
2019-11-19 12:05:52.490  INFO 15078 --- [restartedMain] o.s.s.concurrent.ThreadPoolTaskExecutor  : Shutting down ExecutorService 'applicationTaskExecutor'
2019-11-19 12:05:52.491  INFO 15078 --- [restartedMain] o.s.a.r.l.SimpleMessageListenerContainer : Shutdown ignored - container is not active already
2019-11-19 12:05:52.496  INFO 15078 --- [restartedMain] j.LocalContainerEntityManagerFactoryBean : Closing JPA EntityManagerFactory for persistence unit 'default'
2019-11-19 12:05:52.499  INFO 15078 --- [restartedMain] com.zaxxer.hikari.HikariDataSource       : HikariPool-1 - Shutdown initiated...
2019-11-19 12:05:52.504  INFO 15078 --- [restartedMain] com.zaxxer.hikari.HikariDataSource       : HikariPool-1 - Shutdown completed.
2019-11-19 12:05:53.618  INFO 14818 --- [RMI TCP Connection(3)-127.0.0.1] inMXBeanRegistrar$SpringApplicationAdmin : Application shutdown requested.
2019-11-19 12:05:53.620  INFO 14818 --- [RMI TCP Connection(3)-127.0.0.1] o.s.a.r.l.SimpleMessageListenerContainer : Waiting for workers to finish.
2019-11-19 12:05:54.498  INFO 14818 --- [RMI TCP Connection(3)-127.0.0.1] o.s.a.r.l.SimpleMessageListenerContainer : Successfully waited for workers to finish.
2019-11-19 12:05:54.507  INFO 14818 --- [RMI TCP Connection(3)-127.0.0.1] o.s.s.concurrent.ThreadPoolTaskExecutor  : Shutting down ExecutorService 'applicationTaskExecutor'
2019-11-19 12:05:54.508  INFO 14818 --- [RMI TCP Connection(3)-127.0.0.1] o.s.a.r.l.SimpleMessageListenerContainer : Shutdown ignored - container is not active already
2019-11-19 12:05:54.509  INFO 14818 --- [RMI TCP Connection(3)-127.0.0.1] j.LocalContainerEntityManagerFactoryBean : Closing JPA EntityManagerFactory for persistence unit 'default'
2019-11-19 12:05:54.510  INFO 14818 --- [RMI TCP Connection(3)-127.0.0.1] com.zaxxer.hikari.HikariDataSource       : HikariPool-2 - Shutdown initiated...
2019-11-19 12:05:54.513  INFO 14818 --- [RMI TCP Connection(3)-127.0.0.1] com.zaxxer.hikari.HikariDataSource       : HikariPool-2 - Shutdown completed.
2019-11-19 12:06:06.842  INFO 15169 --- [restartedMain] o.s.b.devtools.restart.ChangeableUrls    : The Class-Path manifest attribute in /home/admin1/.m2/repository/org/glassfish/jaxb/jaxb-runtime/2.3.2/jaxb-runtime-2.3.2.jar referenced one or more files that do not exist: file:/home/admin1/.m2/repository/org/glassfish/jaxb/jaxb-runtime/2.3.2/jakarta.xml.bind-api-2.3.2.jar,file:/home/admin1/.m2/repository/org/glassfish/jaxb/jaxb-runtime/2.3.2/txw2-2.3.2.jar,file:/home/admin1/.m2/repository/org/glassfish/jaxb/jaxb-runtime/2.3.2/istack-commons-runtime-3.0.8.jar,file:/home/admin1/.m2/repository/org/glassfish/jaxb/jaxb-runtime/2.3.2/stax-ex-1.8.1.jar,file:/home/admin1/.m2/repository/org/glassfish/jaxb/jaxb-runtime/2.3.2/FastInfoset-1.2.16.jar,file:/home/admin1/.m2/repository/org/glassfish/jaxb/jaxb-runtime/2.3.2/jakarta.activation-api-1.2.1.jar
2019-11-19 12:06:06.847  INFO 15169 --- [restartedMain] .e.DevToolsPropertyDefaultsPostProcessor : Devtools property defaults active! Set 'spring.devtools.add-properties' to 'false' to disable
2019-11-19 12:06:06.847  INFO 15169 --- [restartedMain] .e.DevToolsPropertyDefaultsPostProcessor : For additional web related logging consider setting the 'logging.level.web' property to 'DEBUG'
2019-11-19 12:06:07.367  INFO 15169 --- [restartedMain] .s.d.r.c.RepositoryConfigurationDelegate : Multiple Spring Data modules found, entering strict repository configuration mode!
2019-11-19 12:06:07.367  INFO 15169 --- [restartedMain] .s.d.r.c.RepositoryConfigurationDelegate : Bootstrapping Spring Data repositories in DEFAULT mode.
2019-11-19 12:06:07.411  INFO 15169 --- [restartedMain] .s.d.r.c.RepositoryConfigurationDelegate : Finished Spring Data repository scanning in 38ms. Found 1 repository interfaces.
2019-11-19 12:06:07.420  INFO 15169 --- [restartedMain] .s.d.r.c.RepositoryConfigurationDelegate : Multiple Spring Data modules found, entering strict repository configuration mode!
2019-11-19 12:06:07.420  INFO 15169 --- [restartedMain] .s.d.r.c.RepositoryConfigurationDelegate : Bootstrapping Spring Data repositories in DEFAULT mode.
2019-11-19 12:06:07.430  INFO 15169 --- [restartedMain] .RepositoryConfigurationExtensionSupport : Spring Data Redis - Could not safely identify store assignment for repository candidate interface com.bridgelabz.fundoo.user.repository.UserRepository.
2019-11-19 12:06:07.430  INFO 15169 --- [restartedMain] .s.d.r.c.RepositoryConfigurationDelegate : Finished Spring Data repository scanning in 4ms. Found 0 repository interfaces.
2019-11-19 12:06:07.648  INFO 15169 --- [restartedMain] trationDelegate$BeanPostProcessorChecker : Bean 'org.springframework.transaction.annotation.ProxyTransactionManagementConfiguration' of type [org.springframework.transaction.annotation.ProxyTransactionManagementConfiguration] is not eligible for getting processed by all BeanPostProcessors (for example: not eligible for auto-proxying)
2019-11-19 12:06:07.899  INFO 15169 --- [restartedMain] o.s.b.w.embedded.tomcat.TomcatWebServer  : Tomcat initialized with port(s): 8081 (http)
2019-11-19 12:06:07.905  INFO 15169 --- [restartedMain] o.apache.catalina.core.StandardService   : Starting service [Tomcat]
2019-11-19 12:06:07.906  INFO 15169 --- [restartedMain] org.apache.catalina.core.StandardEngine  : Starting Servlet engine: [Apache Tomcat/9.0.27]
2019-11-19 12:06:07.959  INFO 15169 --- [restartedMain] o.a.c.c.C.[Tomcat].[localhost].[/]       : Initializing Spring embedded WebApplicationContext
2019-11-19 12:06:07.959  INFO 15169 --- [restartedMain] o.s.web.context.ContextLoader            : Root WebApplicationContext: initialization completed in 1112 ms
2019-11-19 12:06:08.111  INFO 15169 --- [restartedMain] o.hibernate.jpa.internal.util.LogHelper  : HHH000204: Processing PersistenceUnitInfo [name: default]
2019-11-19 12:06:08.145  INFO 15169 --- [restartedMain] org.hibernate.Version                    : HHH000412: Hibernate Core {5.4.6.Final}
2019-11-19 12:06:08.208  INFO 15169 --- [restartedMain] o.hibernate.annotations.common.Version   : HCANN000001: Hibernate Commons Annotations {5.1.0.Final}
2019-11-19 12:06:08.275  INFO 15169 --- [restartedMain] com.zaxxer.hikari.HikariDataSource       : HikariPool-1 - Starting...
2019-11-19 12:06:08.354  INFO 15169 --- [restartedMain] com.zaxxer.hikari.HikariDataSource       : HikariPool-1 - Start completed.
2019-11-19 12:06:08.361  INFO 15169 --- [restartedMain] org.hibernate.dialect.Dialect            : HHH000400: Using dialect: org.hibernate.dialect.MySQL5InnoDBDialect
2019-11-19 12:06:08.687  INFO 15169 --- [restartedMain] o.h.e.t.j.p.i.JtaPlatformInitiator       : HHH000490: Using JtaPlatform implementation: [org.hibernate.engine.transaction.jta.platform.internal.NoJtaPlatform]
2019-11-19 12:06:08.690  INFO 15169 --- [restartedMain] j.LocalContainerEntityManagerFactoryBean : Initialized JPA EntityManagerFactory for persistence unit 'default'
2019-11-19 12:06:08.714  WARN 15169 --- [restartedMain] o.s.b.d.a.OptionalLiveReloadServer       : Unable to start LiveReload server
2019-11-19 12:06:09.072  WARN 15169 --- [restartedMain] JpaBaseConfiguration$JpaWebConfiguration : spring.jpa.open-in-view is enabled by default. Therefore, database queries may be performed during view rendering. Explicitly configure spring.jpa.open-in-view to disable this warning
2019-11-19 12:06:09.152  INFO 15169 --- [restartedMain] o.s.s.concurrent.ThreadPoolTaskExecutor  : Initializing ExecutorService 'applicationTaskExecutor'
2019-11-19 12:06:09.448  INFO 15169 --- [restartedMain] o.s.a.r.c.CachingConnectionFactory       : Attempting to connect to: localhost:5672
2019-11-19 12:06:09.466  INFO 15169 --- [restartedMain] o.s.a.r.c.CachingConnectionFactory       : Created new connection: connectionFactory#2b074131:0/SimpleConnection@1ff05608 [delegate=amqp://admin@127.0.0.1:5672/, localPort= 36194]
2019-11-19 12:06:09.469  INFO 15169 --- [restartedMain] o.s.amqp.rabbit.core.RabbitAdmin         : Auto-declaring a non-durable, auto-delete, or exclusive Queue (user_service) durable:false, auto-delete:false, exclusive:false. It will be redeclared if the broker stops and is restarted while the connection factory is alive, but all messages will be lost.
2019-11-19 12:06:09.538  INFO 15169 --- [restartedMain] o.s.b.w.embedded.tomcat.TomcatWebServer  : Tomcat started on port(s): 8081 (http) with context path ''
2019-11-19 12:06:29.248  INFO 15169 --- [Thread-1] o.s.a.r.l.SimpleMessageListenerContainer : Waiting for workers to finish.
2019-11-19 12:06:29.532  INFO 15169 --- [Thread-1] o.s.a.r.l.SimpleMessageListenerContainer : Successfully waited for workers to finish.
2019-11-19 12:06:29.543  INFO 15169 --- [Thread-1] o.s.s.concurrent.ThreadPoolTaskExecutor  : Shutting down ExecutorService 'applicationTaskExecutor'
2019-11-19 12:06:29.544  INFO 15169 --- [Thread-1] o.s.a.r.l.SimpleMessageListenerContainer : Shutdown ignored - container is not active already
2019-11-19 12:06:29.552  INFO 15169 --- [Thread-1] j.LocalContainerEntityManagerFactoryBean : Closing JPA EntityManagerFactory for persistence unit 'default'
2019-11-19 12:06:29.558  INFO 15169 --- [Thread-1] com.zaxxer.hikari.HikariDataSource       : HikariPool-1 - Shutdown initiated...
2019-11-19 12:06:29.571  INFO 15169 --- [Thread-1] com.zaxxer.hikari.HikariDataSource       : HikariPool-1 - Shutdown completed.
2019-11-19 12:06:29.903  INFO 15169 --- [restartedMain] .s.d.r.c.RepositoryConfigurationDelegate : Multiple Spring Data modules found, entering strict repository configuration mode!
2019-11-19 12:06:29.903  INFO 15169 --- [restartedMain] .s.d.r.c.RepositoryConfigurationDelegate : Bootstrapping Spring Data repositories in DEFAULT mode.
2019-11-19 12:06:29.911  INFO 15169 --- [restartedMain] .s.d.r.c.RepositoryConfigurationDelegate : Finished Spring Data repository scanning in 7ms. Found 1 repository interfaces.
2019-11-19 12:06:29.914  INFO 15169 --- [restartedMain] .s.d.r.c.RepositoryConfigurationDelegate : Multiple Spring Data modules found, entering strict repository configuration mode!
2019-11-19 12:06:29.914  INFO 15169 --- [restartedMain] .s.d.r.c.RepositoryConfigurationDelegate : Bootstrapping Spring Data repositories in DEFAULT mode.
2019-11-19 12:06:29.917  INFO 15169 --- [restartedMain] .RepositoryConfigurationExtensionSupport : Spring Data Redis - Could not safely identify store assignment for repository candidate interface com.bridgelabz.fundoo.user.repository.UserRepository.
2019-11-19 12:06:29.917  INFO 15169 --- [restartedMain] .s.d.r.c.RepositoryConfigurationDelegate : Finished Spring Data repository scanning in 2ms. Found 0 repository interfaces.
2019-11-19 12:06:29.972  INFO 15169 --- [restartedMain] trationDelegate$BeanPostProcessorChecker : Bean 'org.springframework.transaction.annotation.ProxyTransactionManagementConfiguration' of type [org.springframework.transaction.annotation.ProxyTransactionManagementConfiguration] is not eligible for getting processed by all BeanPostProcessors (for example: not eligible for auto-proxying)
2019-11-19 12:06:30.016  WARN 15169 --- [restartedMain] org.apache.tomcat.util.modeler.Registry  : The MBean registry cannot be disabled because it has already been initialised
2019-11-19 12:06:30.031  INFO 15169 --- [restartedMain] o.s.b.w.embedded.tomcat.TomcatWebServer  : Tomcat initialized with port(s): 8081 (http)
2019-11-19 12:06:30.032  INFO 15169 --- [restartedMain] o.apache.catalina.core.StandardService   : Starting service [Tomcat]
2019-11-19 12:06:30.032  INFO 15169 --- [restartedMain] org.apache.catalina.core.StandardEngine  : Starting Servlet engine: [Apache Tomcat/9.0.27]
2019-11-19 12:06:30.040  INFO 15169 --- [restartedMain] o.a.c.c.C.[Tomcat].[localhost].[/]       : Initializing Spring embedded WebApplicationContext
2019-11-19 12:06:30.040  INFO 15169 --- [restartedMain] o.s.web.context.ContextLoader            : Root WebApplicationContext: initialization completed in 339 ms
2019-11-19 12:06:30.103  INFO 15169 --- [restartedMain] o.hibernate.jpa.internal.util.LogHelper  : HHH000204: Processing PersistenceUnitInfo [name: default]
2019-11-19 12:06:30.108  INFO 15169 --- [restartedMain] com.zaxxer.hikari.HikariDataSource       : HikariPool-2 - Starting...
2019-11-19 12:06:30.114  INFO 15169 --- [restartedMain] com.zaxxer.hikari.HikariDataSource       : HikariPool-2 - Start completed.
2019-11-19 12:06:30.114  INFO 15169 --- [restartedMain] org.hibernate.dialect.Dialect            : HHH000400: Using dialect: org.hibernate.dialect.MySQL5InnoDBDialect
2019-11-19 12:06:30.161  INFO 15169 --- [restartedMain] o.h.e.t.j.p.i.JtaPlatformInitiator       : HHH000490: Using JtaPlatform implementation: [org.hibernate.engine.transaction.jta.platform.internal.NoJtaPlatform]
2019-11-19 12:06:30.161  INFO 15169 --- [restartedMain] j.LocalContainerEntityManagerFactoryBean : Initialized JPA EntityManagerFactory for persistence unit 'default'
2019-11-19 12:06:30.175  WARN 15169 --- [restartedMain] o.s.b.d.a.OptionalLiveReloadServer       : Unable to start LiveReload server
2019-11-19 12:06:30.323  WARN 15169 --- [restartedMain] JpaBaseConfiguration$JpaWebConfiguration : spring.jpa.open-in-view is enabled by default. Therefore, database queries may be performed during view rendering. Explicitly configure spring.jpa.open-in-view to disable this warning
2019-11-19 12:06:30.372  INFO 15169 --- [restartedMain] o.s.s.concurrent.ThreadPoolTaskExecutor  : Initializing ExecutorService 'applicationTaskExecutor'
2019-11-19 12:06:30.496  INFO 15169 --- [restartedMain] o.s.a.r.c.CachingConnectionFactory       : Attempting to connect to: localhost:5672
2019-11-19 12:06:30.499  INFO 15169 --- [restartedMain] o.s.a.r.c.CachingConnectionFactory       : Created new connection: connectionFactory#38967063:0/SimpleConnection@461c9f8f [delegate=amqp://admin@127.0.0.1:5672/, localPort= 36386]
2019-11-19 12:06:30.500  INFO 15169 --- [restartedMain] o.s.amqp.rabbit.core.RabbitAdmin         : Auto-declaring a non-durable, auto-delete, or exclusive Queue (user_service) durable:false, auto-delete:false, exclusive:false. It will be redeclared if the broker stops and is restarted while the connection factory is alive, but all messages will be lost.
2019-11-19 12:06:30.533  INFO 15169 --- [restartedMain] o.s.b.w.embedded.tomcat.TomcatWebServer  : Tomcat started on port(s): 8081 (http) with context path ''
2019-11-19 12:06:30.535  INFO 15169 --- [restartedMain] .ConditionEvaluationDeltaLoggingListener : Condition evaluation unchanged
2019-11-19 12:06:49.915  INFO 15169 --- [Thread-7] o.s.a.r.l.SimpleMessageListenerContainer : Waiting for workers to finish.
2019-11-19 12:06:50.533  INFO 15169 --- [Thread-7] o.s.a.r.l.SimpleMessageListenerContainer : Successfully waited for workers to finish.
2019-11-19 12:06:50.541  INFO 15169 --- [Thread-7] o.s.s.concurrent.ThreadPoolTaskExecutor  : Shutting down ExecutorService 'applicationTaskExecutor'
2019-11-19 12:06:50.541  INFO 15169 --- [Thread-7] o.s.a.r.l.SimpleMessageListenerContainer : Shutdown ignored - container is not active already
2019-11-19 12:06:50.547  INFO 15169 --- [Thread-7] j.LocalContainerEntityManagerFactoryBean : Closing JPA EntityManagerFactory for persistence unit 'default'
2019-11-19 12:06:50.548  INFO 15169 --- [Thread-7] com.zaxxer.hikari.HikariDataSource       : HikariPool-2 - Shutdown initiated...
2019-11-19 12:06:50.551  INFO 15169 --- [Thread-7] com.zaxxer.hikari.HikariDataSource       : HikariPool-2 - Shutdown completed.
2019-11-19 12:06:50.924  INFO 15169 --- [restartedMain] .s.d.r.c.RepositoryConfigurationDelegate : Multiple Spring Data modules found, entering strict repository configuration mode!
2019-11-19 12:06:50.924  INFO 15169 --- [restartedMain] .s.d.r.c.RepositoryConfigurationDelegate : Bootstrapping Spring Data repositories in DEFAULT mode.
2019-11-19 12:06:50.930  INFO 15169 --- [restartedMain] .s.d.r.c.RepositoryConfigurationDelegate : Finished Spring Data repository scanning in 5ms. Found 1 repository interfaces.
2019-11-19 12:06:50.933  INFO 15169 --- [restartedMain] .s.d.r.c.RepositoryConfigurationDelegate : Multiple Spring Data modules found, entering strict repository configuration mode!
2019-11-19 12:06:50.933  INFO 15169 --- [restartedMain] .s.d.r.c.RepositoryConfigurationDelegate : Bootstrapping Spring Data repositories in DEFAULT mode.
2019-11-19 12:06:50.935  INFO 15169 --- [restartedMain] .RepositoryConfigurationExtensionSupport : Spring Data Redis - Could not safely identify store assignment for repository candidate interface com.bridgelabz.fundoo.user.repository.UserRepository.
2019-11-19 12:06:50.936  INFO 15169 --- [restartedMain] .s.d.r.c.RepositoryConfigurationDelegate : Finished Spring Data repository scanning in 2ms. Found 0 repository interfaces.
2019-11-19 12:06:50.998  INFO 15169 --- [restartedMain] trationDelegate$BeanPostProcessorChecker : Bean 'org.springframework.transaction.annotation.ProxyTransactionManagementConfiguration' of type [org.springframework.transaction.annotation.ProxyTransactionManagementConfiguration] is not eligible for getting processed by all BeanPostProcessors (for example: not eligible for auto-proxying)
2019-11-19 12:06:51.042  WARN 15169 --- [restartedMain] org.apache.tomcat.util.modeler.Registry  : The MBean registry cannot be disabled because it has already been initialised
2019-11-19 12:06:51.061  INFO 15169 --- [restartedMain] o.s.b.w.embedded.tomcat.TomcatWebServer  : Tomcat initialized with port(s): 8081 (http)
2019-11-19 12:06:51.062  INFO 15169 --- [restartedMain] o.apache.catalina.core.StandardService   : Starting service [Tomcat]
2019-11-19 12:06:51.062  INFO 15169 --- [restartedMain] org.apache.catalina.core.StandardEngine  : Starting Servlet engine: [Apache Tomcat/9.0.27]
2019-11-19 12:06:51.070  INFO 15169 --- [restartedMain] o.a.c.c.C.[Tomcat].[localhost].[/]       : Initializing Spring embedded WebApplicationContext
2019-11-19 12:06:51.070  INFO 15169 --- [restartedMain] o.s.web.context.ContextLoader            : Root WebApplicationContext: initialization completed in 421 ms
2019-11-19 12:06:51.127  INFO 15169 --- [restartedMain] o.hibernate.jpa.internal.util.LogHelper  : HHH000204: Processing PersistenceUnitInfo [name: default]
2019-11-19 12:06:51.132  INFO 15169 --- [restartedMain] com.zaxxer.hikari.HikariDataSource       : HikariPool-3 - Starting...
2019-11-19 12:06:51.135  INFO 15169 --- [restartedMain] com.zaxxer.hikari.HikariDataSource       : HikariPool-3 - Start completed.
2019-11-19 12:06:51.135  INFO 15169 --- [restartedMain] org.hibernate.dialect.Dialect            : HHH000400: Using dialect: org.hibernate.dialect.MySQL5InnoDBDialect
2019-11-19 12:06:51.170  INFO 15169 --- [restartedMain] o.h.e.t.j.p.i.JtaPlatformInitiator       : HHH000490: Using JtaPlatform implementation: [org.hibernate.engine.transaction.jta.platform.internal.NoJtaPlatform]
2019-11-19 12:06:51.170  INFO 15169 --- [restartedMain] j.LocalContainerEntityManagerFactoryBean : Initialized JPA EntityManagerFactory for persistence unit 'default'
2019-11-19 12:06:51.187  WARN 15169 --- [restartedMain] o.s.b.d.a.OptionalLiveReloadServer       : Unable to start LiveReload server
2019-11-19 12:06:51.369  WARN 15169 --- [restartedMain] JpaBaseConfiguration$JpaWebConfiguration : spring.jpa.open-in-view is enabled by default. Therefore, database queries may be performed during view rendering. Explicitly configure spring.jpa.open-in-view to disable this warning
2019-11-19 12:06:51.491  INFO 15169 --- [restartedMain] o.s.s.concurrent.ThreadPoolTaskExecutor  : Initializing ExecutorService 'applicationTaskExecutor'
2019-11-19 12:06:51.625  INFO 15169 --- [restartedMain] d.s.w.p.DocumentationPluginsBootstrapper : Context refreshed
2019-11-19 12:06:51.635  INFO 15169 --- [restartedMain] d.s.w.p.DocumentationPluginsBootstrapper : Found 1 custom documentation plugin(s)
2019-11-19 12:06:51.644  INFO 15169 --- [restartedMain] s.d.s.w.s.ApiListingReferenceScanner     : Scanning for api listing references
2019-11-19 12:06:51.844  INFO 15169 --- [restartedMain] o.s.a.r.c.CachingConnectionFactory       : Attempting to connect to: localhost:5672
2019-11-19 12:06:51.847  INFO 15169 --- [restartedMain] o.s.a.r.c.CachingConnectionFactory       : Created new connection: connectionFactory#1385aa67:0/SimpleConnection@b1191ff [delegate=amqp://admin@127.0.0.1:5672/, localPort= 36584]
2019-11-19 12:06:51.848  INFO 15169 --- [restartedMain] o.s.amqp.rabbit.core.RabbitAdmin         : Auto-declaring a non-durable, auto-delete, or exclusive Queue (user_service) durable:false, auto-delete:false, exclusive:false. It will be redeclared if the broker stops and is restarted while the connection factory is alive, but all messages will be lost.
2019-11-19 12:06:51.865  INFO 15169 --- [restartedMain] o.s.b.w.embedded.tomcat.TomcatWebServer  : Tomcat started on port(s): 8081 (http) with context path ''
2019-11-19 12:06:51.868  INFO 15169 --- [restartedMain] .ConditionEvaluationDeltaLoggingListener : Condition evaluation unchanged
2019-11-19 12:07:18.078  INFO 15169 --- [Thread-13] o.s.a.r.l.SimpleMessageListenerContainer : Waiting for workers to finish.
2019-11-19 12:07:18.859  INFO 15169 --- [Thread-13] o.s.a.r.l.SimpleMessageListenerContainer : Successfully waited for workers to finish.
2019-11-19 12:07:18.873  INFO 15169 --- [Thread-13] o.s.s.concurrent.ThreadPoolTaskExecutor  : Shutting down ExecutorService 'applicationTaskExecutor'
2019-11-19 12:07:18.873  INFO 15169 --- [Thread-13] o.s.a.r.l.SimpleMessageListenerContainer : Shutdown ignored - container is not active already
2019-11-19 12:07:18.878  INFO 15169 --- [Thread-13] j.LocalContainerEntityManagerFactoryBean : Closing JPA EntityManagerFactory for persistence unit 'default'
2019-11-19 12:07:18.879  INFO 15169 --- [Thread-13] com.zaxxer.hikari.HikariDataSource       : HikariPool-3 - Shutdown initiated...
2019-11-19 12:07:18.881  INFO 15169 --- [Thread-13] com.zaxxer.hikari.HikariDataSource       : HikariPool-3 - Shutdown completed.
2019-11-19 12:07:19.172  INFO 15169 --- [restartedMain] .s.d.r.c.RepositoryConfigurationDelegate : Multiple Spring Data modules found, entering strict repository configuration mode!
2019-11-19 12:07:19.172  INFO 15169 --- [restartedMain] .s.d.r.c.RepositoryConfigurationDelegate : Bootstrapping Spring Data repositories in DEFAULT mode.
2019-11-19 12:07:19.179  INFO 15169 --- [restartedMain] .s.d.r.c.RepositoryConfigurationDelegate : Finished Spring Data repository scanning in 6ms. Found 1 repository interfaces.
2019-11-19 12:07:19.182  INFO 15169 --- [restartedMain] .s.d.r.c.RepositoryConfigurationDelegate : Multiple Spring Data modules found, entering strict repository configuration mode!
2019-11-19 12:07:19.183  INFO 15169 --- [restartedMain] .s.d.r.c.RepositoryConfigurationDelegate : Bootstrapping Spring Data repositories in DEFAULT mode.
2019-11-19 12:07:19.185  INFO 15169 --- [restartedMain] .RepositoryConfigurationExtensionSupport : Spring Data Redis - Could not safely identify store assignment for repository candidate interface com.bridgelabz.fundoo.user.repository.UserRepository.
2019-11-19 12:07:19.185  INFO 15169 --- [restartedMain] .s.d.r.c.RepositoryConfigurationDelegate : Finished Spring Data repository scanning in 1ms. Found 0 repository interfaces.
2019-11-19 12:07:19.233  INFO 15169 --- [restartedMain] trationDelegate$BeanPostProcessorChecker : Bean 'org.springframework.transaction.annotation.ProxyTransactionManagementConfiguration' of type [org.springframework.transaction.annotation.ProxyTransactionManagementConfiguration] is not eligible for getting processed by all BeanPostProcessors (for example: not eligible for auto-proxying)
2019-11-19 12:07:19.272  WARN 15169 --- [restartedMain] org.apache.tomcat.util.modeler.Registry  : The MBean registry cannot be disabled because it has already been initialised
2019-11-19 12:07:19.291  INFO 15169 --- [restartedMain] o.s.b.w.embedded.tomcat.TomcatWebServer  : Tomcat initialized with port(s): 8081 (http)
2019-11-19 12:07:19.291  INFO 15169 --- [restartedMain] o.apache.catalina.core.StandardService   : Starting service [Tomcat]
2019-11-19 12:07:19.292  INFO 15169 --- [restartedMain] org.apache.catalina.core.StandardEngine  : Starting Servlet engine: [Apache Tomcat/9.0.27]
2019-11-19 12:07:19.299  INFO 15169 --- [restartedMain] o.a.c.c.C.[Tomcat].[localhost].[/]       : Initializing Spring embedded WebApplicationContext
2019-11-19 12:07:19.299  INFO 15169 --- [restartedMain] o.s.web.context.ContextLoader            : Root WebApplicationContext: initialization completed in 332 ms
2019-11-19 12:07:19.357  INFO 15169 --- [restartedMain] o.hibernate.jpa.internal.util.LogHelper  : HHH000204: Processing PersistenceUnitInfo [name: default]
2019-11-19 12:07:19.361  INFO 15169 --- [restartedMain] com.zaxxer.hikari.HikariDataSource       : HikariPool-4 - Starting...
2019-11-19 12:07:19.364  INFO 15169 --- [restartedMain] com.zaxxer.hikari.HikariDataSource       : HikariPool-4 - Start completed.
2019-11-19 12:07:19.365  INFO 15169 --- [restartedMain] org.hibernate.dialect.Dialect            : HHH000400: Using dialect: org.hibernate.dialect.MySQL5InnoDBDialect
2019-11-19 12:07:19.400  INFO 15169 --- [restartedMain] o.h.e.t.j.p.i.JtaPlatformInitiator       : HHH000490: Using JtaPlatform implementation: [org.hibernate.engine.transaction.jta.platform.internal.NoJtaPlatform]
2019-11-19 12:07:19.400  INFO 15169 --- [restartedMain] j.LocalContainerEntityManagerFactoryBean : Initialized JPA EntityManagerFactory for persistence unit 'default'
2019-11-19 12:07:19.415  WARN 15169 --- [restartedMain] o.s.b.d.a.OptionalLiveReloadServer       : Unable to start LiveReload server
2019-11-19 12:07:19.544  WARN 15169 --- [restartedMain] JpaBaseConfiguration$JpaWebConfiguration : spring.jpa.open-in-view is enabled by default. Therefore, database queries may be performed during view rendering. Explicitly configure spring.jpa.open-in-view to disable this warning
2019-11-19 12:07:19.648  INFO 15169 --- [restartedMain] o.s.s.concurrent.ThreadPoolTaskExecutor  : Initializing ExecutorService 'applicationTaskExecutor'
2019-11-19 12:07:19.764  INFO 15169 --- [restartedMain] d.s.w.p.DocumentationPluginsBootstrapper : Context refreshed
2019-11-19 12:07:19.766  INFO 15169 --- [restartedMain] d.s.w.p.DocumentationPluginsBootstrapper : Found 1 custom documentation plugin(s)
2019-11-19 12:07:19.768  INFO 15169 --- [restartedMain] s.d.s.w.s.ApiListingReferenceScanner     : Scanning for api listing references
2019-11-19 12:07:19.810  INFO 15169 --- [restartedMain] o.s.a.r.c.CachingConnectionFactory       : Attempting to connect to: localhost:5672
2019-11-19 12:07:19.834  INFO 15169 --- [restartedMain] o.s.a.r.c.CachingConnectionFactory       : Created new connection: connectionFactory#23a36f45:0/SimpleConnection@5f85ee77 [delegate=amqp://admin@127.0.0.1:5672/, localPort= 36832]
2019-11-19 12:07:19.835  INFO 15169 --- [restartedMain] o.s.amqp.rabbit.core.RabbitAdmin         : Auto-declaring a non-durable, auto-delete, or exclusive Queue (user_service) durable:false, auto-delete:false, exclusive:false. It will be redeclared if the broker stops and is restarted while the connection factory is alive, but all messages will be lost.
2019-11-19 12:07:19.863  INFO 15169 --- [restartedMain] o.s.b.w.embedded.tomcat.TomcatWebServer  : Tomcat started on port(s): 8081 (http) with context path ''
2019-11-19 12:07:19.867  INFO 15169 --- [restartedMain] .ConditionEvaluationDeltaLoggingListener : Condition evaluation unchanged
2019-11-19 12:08:06.550  INFO 15169 --- [http-nio-8081-exec-1] o.a.c.c.C.[Tomcat].[localhost].[/]       : Initializing Spring DispatcherServlet 'dispatcherServlet'
2019-11-19 12:08:06.551  INFO 15169 --- [http-nio-8081-exec-1] o.s.web.servlet.DispatcherServlet        : Initializing Servlet 'dispatcherServlet'
2019-11-19 12:08:06.559  INFO 15169 --- [http-nio-8081-exec-1] o.s.web.servlet.DispatcherServlet        : Completed initialization in 8 ms
